<?xml version="1.0" encoding="UTF-8"?>
<!-- Generated by org.testng.reporters.JUnitXMLReporter -->
<testsuite ignored="0" hostname="DESKTOP-G8O6OG0" failures="1" tests="7" name="Multiple Tests" time="41.813" errors="0" timestamp="2025-04-15T21:43:25 IST">
  <testcase classname="com.TestNGDemos.D05MyntraAssignment" name="clickOnMen" time="2.969"/>
  <testcase classname="com.TestNGDemos.D05MyntraAssignment" name="clickOnWomen" time="3.271"/>
  <testcase classname="com.TestNGDemos.D05MyntraAssignment" name="clickOnKids" time="1.901"/>
  <testcase classname="com.TestNGDemos.D05MyntraAssignment" name="clickOnHome" time="1.984"/>
  <testcase classname="com.TestNGDemos.D06LoginToOHRM_DataProvider" name="loginToOHRM" time="1.7"/>
  <testcase classname="com.TestNGDemos.D06LoginToOHRM_DataProvider" name="loginToOHRM" time="1.666"/>
  <testcase classname="com.TestNGDemos.D06LoginToOHRM_DataProvider" name="loginToOHRM" time="1.319">
    <failure type="java.lang.AssertionError" message="Invalid user name / password expected [true] but found [false]">
      <![CDATA[java.lang.AssertionError: Invalid user name / password expected [true] but found [false]
at com.TestNGDemos.D06LoginToOHRM_DataProvider.loginToOHRM(D06LoginToOHRM_DataProvider.java:30)
at java.base/java.util.ArrayList.forEach(ArrayList.java:1541)
... Removed 30 stack frames]]>
    </failure>
  </testcase> <!-- loginToOHRM -->
</testsuite> <!-- Multiple Tests -->
